Traceback (most recent call last):
  File "/opt/hostedtoolcache/Python/3.9.17/x64/lib/python3.9/site-packages/jupyter_cache/executors/utils.py", line 58, in single_nb_execution
    executenb(
  File "/opt/hostedtoolcache/Python/3.9.17/x64/lib/python3.9/site-packages/nbclient/client.py", line 1305, in execute
    return NotebookClient(nb=nb, resources=resources, km=km, **kwargs).execute()
  File "/opt/hostedtoolcache/Python/3.9.17/x64/lib/python3.9/site-packages/jupyter_core/utils/__init__.py", line 166, in wrapped
    return loop.run_until_complete(inner)
  File "/opt/hostedtoolcache/Python/3.9.17/x64/lib/python3.9/asyncio/base_events.py", line 647, in run_until_complete
    return future.result()
  File "/opt/hostedtoolcache/Python/3.9.17/x64/lib/python3.9/site-packages/nbclient/client.py", line 705, in async_execute
    await self.async_execute_cell(
  File "/opt/hostedtoolcache/Python/3.9.17/x64/lib/python3.9/site-packages/nbclient/client.py", line 1058, in async_execute_cell
    await self._check_raise_for_error(cell, cell_index, exec_reply)
  File "/opt/hostedtoolcache/Python/3.9.17/x64/lib/python3.9/site-packages/nbclient/client.py", line 914, in _check_raise_for_error
    raise CellExecutionError.from_cell_and_msg(cell, exec_reply_content)
nbclient.exceptions.CellExecutionError: An error occurred while executing the following cell:
------------------
%pylab inline
imax=101
L=1.0
#set initial condition as zero concentration
Cold=zeros(imax)
Cnew=zeros(imax)

x=linspace(0,L,imax)

#set Peclet number
Pe = 10.0


dx=L/(imax-1)
#Time step set based on stability criterion
#advective stability criterion
dt=dx/(Pe)
#include diffusive stability criterion
dt = 0.2*min(dt,0.5*(dx**2))


#set inlet concentration
Cnew[0]=1.0
Cold[0]=1.0
t=0.0
tout=0.0
dtout=0.01


if (dt>dtout):
    dt=dtout
#run for 1.0 non-dimensional time steps
t_max = 1.0
figure(num=None, figsize=(16, 8), dpi=80, facecolor='w', edgecolor='k')
xlabel('x*', fontsize=20)
ylabel('C*', fontsize=20)
plot(x,Cold)
tout+=dtout
#continue until the maximum time is exceeded
while (t<t_max):
    #explicitely set new concentration based on old concentration
    Cnew[1:-1]=dt*((1.0/(dx**2))*(Cold[2:]+Cold[:-2]-2.0*Cold[1:-1])-(Pe/dx)*(Cold[1:-1]-Cold[:-2]))+Cold[1:-1]
    t+=dt
    #plot a line at the specified time interval
    if (t>=tout):
        plot(x,Cnew)
        tout+=dtout
    #swap the old and the new arrays of concentration values
    Ctemp=Cold
    Cold=Cnew
    Cnew=Ctemp
show()
------------------

----- stdout -----
%pylab is deprecated, use %matplotlib inline and import the required libraries.
Populating the interactive namespace from numpy and matplotlib
------------------

[0;31m---------------------------------------------------------------------------[0m
[0;31mTypeError[0m                                 Traceback (most recent call last)
Cell [0;32mIn[3], line 19[0m
[1;32m     17[0m dt[38;5;241m=[39mdx[38;5;241m/[39m(Pe)
[1;32m     18[0m [38;5;66;03m#include diffusive stability criterion[39;00m
[0;32m---> 19[0m dt [38;5;241m=[39m [38;5;241m0.2[39m[38;5;241m*[39m[38;5;28;43mmin[39;49m[43m([49m[43mdt[49m[43m,[49m[38;5;241;43m0.5[39;49m[38;5;241;43m*[39;49m[43m([49m[43mdx[49m[38;5;241;43m*[39;49m[38;5;241;43m*[39;49m[38;5;241;43m2[39;49m[43m)[49m[43m)[49m
[1;32m     22[0m [38;5;66;03m#set inlet concentration[39;00m
[1;32m     23[0m Cnew[[38;5;241m0[39m][38;5;241m=[39m[38;5;241m1.0[39m

File [0;32m/opt/hostedtoolcache/Python/3.9.17/x64/lib/python3.9/site-packages/numpy/core/fromnumeric.py:2953[0m, in [0;36mmin[0;34m(a, axis, out, keepdims, initial, where)[0m
[1;32m   2836[0m [38;5;129m@array_function_dispatch[39m(_min_dispatcher)
[1;32m   2837[0m [38;5;28;01mdef[39;00m [38;5;21mmin[39m(a, axis[38;5;241m=[39m[38;5;28;01mNone[39;00m, out[38;5;241m=[39m[38;5;28;01mNone[39;00m, keepdims[38;5;241m=[39mnp[38;5;241m.[39m_NoValue, initial[38;5;241m=[39mnp[38;5;241m.[39m_NoValue,
[1;32m   2838[0m         where[38;5;241m=[39mnp[38;5;241m.[39m_NoValue):
[1;32m   2839[0m [38;5;250m    [39m[38;5;124;03m"""[39;00m
[1;32m   2840[0m [38;5;124;03m    Return the minimum of an array or minimum along an axis.[39;00m
[1;32m   2841[0m 
[0;32m   (...)[0m
[1;32m   2951[0m [38;5;124;03m    6[39;00m
[1;32m   2952[0m [38;5;124;03m    """[39;00m
[0;32m-> 2953[0m     [38;5;28;01mreturn[39;00m [43m_wrapreduction[49m[43m([49m[43ma[49m[43m,[49m[43m [49m[43mnp[49m[38;5;241;43m.[39;49m[43mminimum[49m[43m,[49m[43m [49m[38;5;124;43m'[39;49m[38;5;124;43mmin[39;49m[38;5;124;43m'[39;49m[43m,[49m[43m [49m[43maxis[49m[43m,[49m[43m [49m[38;5;28;43;01mNone[39;49;00m[43m,[49m[43m [49m[43mout[49m[43m,[49m
[1;32m   2954[0m [43m                          [49m[43mkeepdims[49m[38;5;241;43m=[39;49m[43mkeepdims[49m[43m,[49m[43m [49m[43minitial[49m[38;5;241;43m=[39;49m[43minitial[49m[43m,[49m[43m [49m[43mwhere[49m[38;5;241;43m=[39;49m[43mwhere[49m[43m)[49m

File [0;32m/opt/hostedtoolcache/Python/3.9.17/x64/lib/python3.9/site-packages/numpy/core/fromnumeric.py:88[0m, in [0;36m_wrapreduction[0;34m(obj, ufunc, method, axis, dtype, out, **kwargs)[0m
[1;32m     85[0m         [38;5;28;01melse[39;00m:
[1;32m     86[0m             [38;5;28;01mreturn[39;00m reduction(axis[38;5;241m=[39maxis, out[38;5;241m=[39mout, [38;5;241m*[39m[38;5;241m*[39mpasskwargs)
[0;32m---> 88[0m [38;5;28;01mreturn[39;00m [43mufunc[49m[38;5;241;43m.[39;49m[43mreduce[49m[43m([49m[43mobj[49m[43m,[49m[43m [49m[43maxis[49m[43m,[49m[43m [49m[43mdtype[49m[43m,[49m[43m [49m[43mout[49m[43m,[49m[43m [49m[38;5;241;43m*[39;49m[38;5;241;43m*[39;49m[43mpasskwargs[49m[43m)[49m

[0;31mTypeError[0m: 'float' object cannot be interpreted as an integer

