Traceback (most recent call last):
  File "/opt/hostedtoolcache/Python/3.9.17/x64/lib/python3.9/site-packages/jupyter_cache/executors/utils.py", line 58, in single_nb_execution
    executenb(
  File "/opt/hostedtoolcache/Python/3.9.17/x64/lib/python3.9/site-packages/nbclient/client.py", line 1305, in execute
    return NotebookClient(nb=nb, resources=resources, km=km, **kwargs).execute()
  File "/opt/hostedtoolcache/Python/3.9.17/x64/lib/python3.9/site-packages/jupyter_core/utils/__init__.py", line 166, in wrapped
    return loop.run_until_complete(inner)
  File "/opt/hostedtoolcache/Python/3.9.17/x64/lib/python3.9/asyncio/base_events.py", line 647, in run_until_complete
    return future.result()
  File "/opt/hostedtoolcache/Python/3.9.17/x64/lib/python3.9/site-packages/nbclient/client.py", line 705, in async_execute
    await self.async_execute_cell(
  File "/opt/hostedtoolcache/Python/3.9.17/x64/lib/python3.9/site-packages/nbclient/client.py", line 1058, in async_execute_cell
    await self._check_raise_for_error(cell, cell_index, exec_reply)
  File "/opt/hostedtoolcache/Python/3.9.17/x64/lib/python3.9/site-packages/nbclient/client.py", line 914, in _check_raise_for_error
    raise CellExecutionError.from_cell_and_msg(cell, exec_reply_content)
nbclient.exceptions.CellExecutionError: An error occurred while executing the following cell:
------------------

def calculate_intermediate_velocity(nu, u, v, u_old, v_old, dt, dx, dy):
""" Calculate the intermediate velocities.
"""
imax = len(u)
jmax = np.size(u)//imax
for i in range(1,imax-1,1):
for j in range(1,jmax-1,1):
#viscous (diffusive) term first
u[i,j] = u_old[i,j] + dt * nu * ((u_old[i+1,j]+u_old[i-1,j]-2.*u_old[i,j])/(dx**2)
+(u_old[i,j+1]+u_old[i,j-1]-2.*u_old[i,j])/(dy**2))
v[i,j] = v_old[i,j] + dt * nu * ((v_old[i+1,j]+v_old[i-1,j]-2.*v_old[i,j])/(dx**2)
+(v_old[i,j+1]+v_old[i,j-1]-2.*v_old[i,j])/(dy**2))
#add the momentum advection terms using upwinding
if (u_old[i,j]>0.0):
u[i,j] -= dt*(u_old[i,j]*(u_old[i,j]-u_old[i-1,j])/dx)
v[i,j] -= dt*(u_old[i,j]*(v_old[i,j]-v_old[i-1,j])/dx)
else:
u[i,j] -= dt*(u_old[i,j]*(u_old[i+1,j]-u_old[i,j])/dx)
v[i,j] -= dt*(u_old[i,j]*(v_old[i+1,j]-v_old[i,j])/dx)
if (v_old[i,j]>0.0):
u[i,j] -= dt*(v_old[i,j]*(u_old[i,j]-u_old[i,j-1])/dx)
v[i,j] -= dt*(v_old[i,j]*(v_old[i,j]-v_old[i,j-1])/dx)
else:
u[i,j] -= dt*(v_old[i,j]*(u_old[i,j+1]-u_old[i,j])/dx)
v[i,j] -= dt*(v_old[i,j]*(v_old[i,j+1]-v_old[i,j])/dx)
return u, v
------------------


[0;36m  Cell [0;32mIn[2], line 2[0;36m[0m
[0;31m    """ Calculate the intermediate velocities.[0m
[0m    ^[0m
[0;31mIndentationError[0m[0;31m:[0m expected an indented block


